<?xml version="1.0" encoding="UTF-8"?>
<testsuites name="Test Suite1" time="1.177" tests="0" failures="0" skips="0" errors="0">
   <testsuite name="Test Suite1" tests="0" failures="0" errors="0" time="1.177" skips="0" timestamp="2021-03-13 11:27:15" hostname="Mohamed - host.docker.internal" id="Test Suites/Test Suite1">
      <properties>
         <property name="deviceName" value=""/>
         <property name="devicePlatform" value=""/>
         <property name="logFolder" value="C:\\Users\\Mohamed\\git\\KatalonGitTest2\\Reports\\20210313_112712\\Test Suite1\\20210313_112713"/>
         <property name="logFiles" value="C:\\Users\\Mohamed\\git\\KatalonGitTest2\\Reports\\20210313_112712\\Test Suite1\\20210313_112713\\execution0.log"/>
         <property name="attachments" value=""/>
         <property name="hostName" value="Mohamed - host.docker.internal"/>
         <property name="hostAddress" value="192.168.178.10"/>
         <property name="os" value="Windows 10 64bit"/>
         <property name="katalonVersion" value="7.9.1.208"/>
      </properties>
      <system-out><![CDATA[2021-03-13 11:27:15 - [TEST_SUITE][PASSED] - Test Suite1: null]]></system-out>
      <system-err><![CDATA[]]></system-err>
   </testsuite>
</testsuites>
